creative
once
summary
institute
confortable
young
welcomewould
400
rer
did
dead
many
talk
electrical
real
working
parking
biggest
animation
wery
review
which
hospitality
chance
kuku
enthusiastic
hardly
hip
sorted
cabinets
why
executive
is
tables
stylish
6
furniture
sneaky
reachable
superfriendly
gave
heart
crazy
40
shelf
date
wasn
client
upgrades
queue
done
cruise
udaivilas
tennisfriends
underconstruction
4years
improvement
distances
of
en
conference
ultra
queries
smooth
pasta
overworked
between
miss
spirits
speaking
mangers
left
several
picky
2010
interior
super
transfer
tide
foreign
visitors
paying
ã¢ââ
would
85
bland
inn
sky
photos
more
restaraunts
orders
downside
department
leeds
nespresso
tulip
10
lake
nationality
grandaughter
server
gare
bugs
peaceful
directions
2011
impressive
state
yaer
eat
stayed
luxuryfood
corner
lack
again
forced
luggage
boat
s
servings
meters
level
programme
milad
byron
march
trained
elderly
darling
called
supermarket
far
sufficient
inner
glasses
worth
sure
chears
newspaper
april
especialy
aldo
ship
sports
strongly
disappointment
so
gobelins
rent
weeks
amination
been
nights
pintxos
open
seemed
unexpected
enterainment
relaxatio
bit
base
brought
ã¢ââ
arrival
forks
torn
tourists
bur
facilities
options
l
cancelled
finding
relations
liverpool
grounds
greatincredible
unless
because
perfectly
disabled
nite
ignorant
suppose
swim
drain
4
hungry
six
hair
friend
match
consider
fortunately
smoke
cover
soon
nes
cuddle
germans
possible
sun
care
traveling
place
enough
village
d
they
twin
niuewstraat
thinks
vast
reservation
fitnes
stairs
laying
look
ia
sercices
swans
splendid
grubby
afraid
honest
cook
amazing
excusive
noisy
immediately
ã¢â±
transport
holes
weren
vegetarian
changes
boutiques
radio
books
trimphe
else
renovation
massive
friendy
being
packing
delighed
ã¢ââll
reviews
lot
swimmingpools
dream
warmbarman
without
countryside
amsterdam
certainly
field
smaller
overal
france
finish
ritz
lift
og
recommend
shape
beds
statements
literally
studio
residents
canine
san
cool
unacceptable
make
impression
house
there
one
unmatched
skype
leisure
incredibly
;
deteriorating
shoes
doesn
deskstop
board
exceptionally
building
repeatative
death
celebrations
girls
door
wg
main
apartment
structure
add
vending
rear
confusing
under
machine
fantastically
happily
feels
earned
toiletries
chairs
issue
mess
gets
smelled
idea
buildings
allocated
linen
gladly
flights
educated
bars
read
prepare
jammed
dirt
stephanie
frankfurt
build
amount
favourite
pleasant
likewise
technology
ideal
shous
marriott
reflected
general
dec
inedible
receptionist
example
enjoy
feyyoz
probably
flughaven
thoroughly
famous
package
summer
domicile
means
aerobic
reception
columbus
dated
dress
oversee
relax
15
feature
no
18th
eg
costs
minimum
childrens
square
decently
foot
attention
deserts
realy
desserts
touristy
ã¢ââm
knowledgeable
manicured
renewed
perhaps
every
pitches
son
winter
vips
walls
giant
2nd
mistakes
classic
miro
rebuilding
terms
blocks
oasis
seine
flat
7
charme
okay
highly
seats
avoid
makes
them
set
lagune
liked
outside
expected
by
chose
sastisfied
solved
across
think
damaged
terrace
steigenburger
impressed
delightful
montmartre
weekday
table
â´
throw
hbo
scale
knew
stopped
garage
mcdonalds
etc
basin
grill
sunbeds
assured
worked
this
appartement
builders
honeymooners
alwys
finished
white
inexpensive
gift
wifi
quite
unfriendly
recommended
poland
repeated
soft
climb
beaches
thursday
gilde
breathtaking
garden
park
mice
came
milk
applied
climation
stays
sharm
missing
reccomend
separated
prepared
market
hotel
polish
mamlouk
cake
kindness
spaciousthe
english
friendly
narrow
transition
costlier
chosen
strict
menu
flies
bonus
opinion
fist
concerning
dubai
topaz
absolutely
sasha
see
wireless
excellent
brandy
toilet
disaster
tornese
surge
available
daily
warmly
feel
tray
degrees
wilderness
jean
necessary
paris
adult
varieties
advance
how
animations
true
â·
con
dansing
rank
dana
child
whisky
generally
inclysive
dislike
refurnished
pizzeria
ground
6am
lost
petros
competent
travelling
should
space
guess
completed
design
powerful
surf
limited
dat
tip
collapses
dayfor
empty
colleagues
accommodating
husband
change
heavily
nowadays
partying
cross
game
cusines
what
u
anyone
persistent
ð¢his
rum
hilton
homeless
preciseness
mainly
refrigerator
stable
rules
hall
ansd
travel
romantic
perfekt
joy
purpose
honor
invited
everã½one
features
buses
km
philosophical
royal
treatment
infrastructure
as
suit
bussiness
brilliant
titanic
heated
cooking
in
pitch
constantly
using
waiters
conclusion
experienced
to
better
royalty
ness
peoplethe
opportunitys
below
appearances
missed
5days
80
backpackers
possibilties
saw
corridors
avoiding
europeans
manner
rude
matress
2014
forum
di
nicely
continue
matter
welcomes
crowded
35
french
customer
europe
90
restaurant
abundant
claustrophobic
very
plenty
hoped
slippers
restrooms
stolen
carparking
hussein
linens
prefect
dam
budget
helpfulathe
goggle
nor
speed
american
noticeable
diversity
flamingo
steep
video
maybe
whose
expect
snorkelling
peopel
humid
oriental
rundown
basically
shadows
handicapped
admire
crazily
district
who
egyptian
extensive
facilties
italian
elegant
halles
166
bubba
help
channel
control
tiny
event
remark
8th
litle
arena
meetings
meet
disappointing
travelodges
stress
thick
side
slendid
already
siro
stops
defiantly
neither
credit
welsh
tasteful
restaurants
diidn
ijust
cakes
unbelievable
mould
barcelona
dedicaced
jaccuzzi
clubs
gemma
gaps
replinished
info
tube
eastern
odd
luxor
underneath
co
comfort
had
knowledge
ibis
courses
comfy
destroyed
staffs
music
discounts
managers
makers
buffet
program
location
correspond
have
builnding
smokers
making
next
neatly
dutch
recommendation
perfume
âd
recommending
unpleasant
aren
but
rambla
hen
catered
sadly
moneyi
maid
grand
home
police
addition
various
single
services
exhibition
avoided
little
rocko
smiles
fingerprints
laughed
snacks
definitively
assist
overcrowd
properly
miserable
holland
provide
sleep
tele
ã°â¢his
satisfied
chef
poor
held
golf
got
hysterical
exceptional
mountains
pathã£â©
tallinn
ã
insects
such
hence
lovely
shoping
tanning
nord
asian
invaded
the
cozy
vip
firenze
elevators
recomend
elevator
took
sunbed
informing
opted
track
bedroom
fall
personnel
wouln
conveniently
silent
buy
ash
refund
informed
check
superb
steam
beaituful
certain
complain
underwhelmed
own
surprising
from
guys
spakenburg
comfortable
always
normal
opera
sell
closer
holiday
curtains
requires
code
notre
possibility
sauna
than
nov
carte
noise
120
norwiegen
insisted
recent
breathtaken
generous
sandwiches
went
central
appreciate
my
hope
remind
milano
known
egg
daytime
together
indeed
fish
try
year
bed
accompanied
hotels
waits
spent
vacation
trips
website
access
cloth
completely
office
that
stares
run
effort
hole
businesstrips
believe
priced
terrific
premises
arrived
railway
saff
â¬
faulty
incl
views
procedure
included
situated
glad
any
provides
know
flamenco
playground
appeared
immaculately
he
despite
luxurous
hang
pointed
mina
restourant
schiphol
come
foor
warm
distance
t
helping
built
highways
management
300
accomodation
tho
you
magical
anybody
station
alone
won
christmas
bloody
via
exceptions
happy
long
ingredients
everywhere
larger
registration
trying
layover
awesome
sodas
floors
7th
or
outskirts
trousers
issues
cereal
rimini
bright
reserved
hurghada
prado
cigarrum
sea
cope
candy
frankfurtter
cathode
named
lock
scam
e
scandic
landscaped
yourself
swift
kettle
procedures
diabolical
buiseness
minuscule
earth
feast
checkouts
fun
about
smelly
elina
selected
cinema
accommodation
bigger
dull
nn
time
right
large
tv
rest
exact
sablon
visitor
maintained
fat
normally
money
attrackts
frills
south
calimera
for
practical
similar
specific
received
words
kept
trees
checkout
future
higly
failing
1300
audience
goodthe
dark
booked
downstairs
layout
spacy
lots
choices
grey
wait
use
flower
bathing
responsibility
connection
speak
described
conditions
cereals
plaesantly
learn
collected
sewage
equipment
score
accustomed
unconfortable
favorite
repetitive
goes
five
love
stationthe
loveliest
dust
houses
and
different
singles
otherwise
letter
burger
port
luxury
âs
night
y
information
calm
de
decoration
thing
easily
sunrise
ones
common
satisfaction
good
russian
canal
tidy
linked
spotlessly
boys
wonderfully
smile
queens
slow
iron
need
passport
focused
spaces
convention
du
koln
disadvantages
period
thrown
chair
everã£â½one
desert
these
camp
anything
find
welcoming
mother
unpleasantness
internal
save
simply
restful
duty
serious
centrally
parts
advise
euro
swimmingpool
both
country
â
possitive
anymore
all
lunch
brocken
with
result
charge
immidiately
river
minute
created
doing
chill
difficult
unclear
city
type
thus
charged
20
butt
channels
3
inclusive
taking
housekeeping
nadia
old
air
maximizes
palazzo
begrudge
streetside
groups
phone
standard
eurostars
delicacies
altstadt
nearby
woerden
extraordinary
sting
kind
700
shaped
â±
interested
impressions
ã¢ââs
2012
unforgettable
language
sheets
campsite
paradise
turned
lcd
boring
alphons
guest
flavouring
wide
bike
oterwise
moved
cannot
westminster
urine
school
beautiful
wine
hell
bilbao
bar
attractions
seashore
orly
those
advantage
ã¡gent
tuscany
smoked
traffic
damage
sunday
deter
double
near
bob
cooks
overall
flight
seems
italien
if
fab
usually
even
restoration
will
renovarted
fridge
baku
most
area
evening
century
lanka
tha
road
desired
some
other
uncomfortable
flag
outdoor
receptionists
smart
climbs
class
apart
workouts
cigarette
th
pub
him
checking
heavy
pretty
travelodge
suite
surprise
relaxed
sqm
pass
miami
served
cocktails
ls
full
situation
computers
trailer
hotelthe
dorint
ago
denmark
hearts
negga
beach
person
couples
locate
influence
bad
unlike
fault
outstanding
ã¢â·
higher
messe
resorts
wear
fee
actually
noice
cuase
intrusive
unfortunately
drugs
sundays
attentive
foods
wonderful
directly
functional
stuff
rain
chldren
treated
word
stop
few
thomsons
games
massage
much
metro
efficiently
animaters
subway
offer
selection
then
der
taxi
sofa
going
pillows
kindly
style
keep
team
guests
sit
our
are
discovery
entertaintments
wanted
years
miles
per
carpet
back
gone
running
genuine
sã£â¶dermalm
montjuic
we
choice
adjusted
whole
laugh
plan
itself
i
immediate
according
students
swedish
pools
stained
euros
enter
detail
organization
kids
answer
loud
login
lived
mall
leave
hospitable
quickly
when
idem
deventer
standards
placement
upgrade
complaints
card
windows
la
trafford
saturday
owners
polite
friends
don
surely
sri
bands
cologne
returning
remember
negative
regrettably
paied
please
mostly
where
self
during
found
attending
palace
spoken
fast
juices
hof
shops
spot
1
it
size
passed
rented
olso
emily
kã£â¶ln
prefer
prompt
month
cleaned
ceiling
sat
siena
work
places
first
bathrooms
claiming
tasted
stuck
duck
scenic
highlights
complaint
spoiled
storage
among
including
charm
inside
supburb
locally
wooden
therethank
ã¢â´
handled
towels
timely
ã£â¡gent
refurb
vouchers
extremly
surprised
food
eyesi
13
explain
foyer
airport
complained
stations
14
dishes
helped
frienly
pension
enjoyable
things
thoroughfare
minded
conected
breaker
comforts
youngsters
decor
jelly
nevertheless
10m2
needs
wc
worn
outlet
european
pleasure
courteous
bellmen
system
tag
9years
organised
stains
chain
february
madrasses
stars
soap
beware
faded
painting
rail
absolute
platinum
coffee
aerea
frequent
constriction
presented
plage
b
order
days
walking
deprived
non
appart
position
touring
supervicion
teenagers
disco
quit
confirmation
bathtub
still
while
delivery
reason
might
staff
wich
decorated
offered
offering
rose
lanxess
cycling
inspection
extrasthe
finishes
vas
following
also
entertainment
nicest
languages
construction
compact
cleanest
party
minority
swimming
schhh
price
countries
quicker
jumeriah
placed
moquette
weather
speaks
noticed
greeted
spa
driving
touchwith
recently
pants
bikes
expectation
angry
were
cottages
afew
into
disgusting
older
huge
aside
spending
something
easy
floor
swiming
funiture
responsible
above
safe
just
les
signal
willing
assorted
cleaning
awayas
safety
up
lousy
clean
pc
give
letdown
cater
shabby
mountain
go
periferique
close
performance
gentle
be
strip
ate
way
business
purposed
concept
portions
get
allow
occasions
bookingcom
george
washbasin
complex
restaurat
octoberfest
late
vice
unhappy
utrecht
busy
egypts
weal
tired
hours
setting
azerbaijan
realised
ours
dj
break
dreamy
elegance
riverside
transportation
destination
friendliness
rated
travellers
3am
not
staying
roll
attitude
finally
bridge
diner
men
eight
modest
croissants
beginning
alive
chipped
manager
knifes
pictures
online
fashioned
greets
centre
cokes
least
piece
decorative
convenience
ordination
preferred
rotten
a
lighting
tried
everyday
lounge
july
looking
customers
takes
british
quality
washing
encountered
may
mr
establishments
high
wall
lyon
awful
stunning
seeing
intervene
lobby
attendance
climbing
planning
end
fountain
mention
pull
floods
ample
worths
sister
partner
pluss
3rds
revisiting
support
dirtyour
delicious
managed
shame
pickpocketing
bath
unique
edible
looks
throughout
totally
started
after
hour
organized
ms
maker
mgmt
robbed
keeping
weekenders
liable
family
marseillan
experience
approx
water
tourist
deal
dancers
cars
minus
twist
cultures
pay
personally
atmosphere
surrounding
cooperation
ther
nightclubs
tuscan
your
well
rat
vieuz
middle
rock
times
taken
life
croissant
pathã©
restricted
adjacent
beverage
shop
member
regard
though
checked
jam
careful
relatively
alley
boy
heard
residential
grab
request
smoking
discount
pricey
redeeming
an
husaband
n
troubles
cleaness
ride
etiquette
sound
fairly
ll
75
luxuries
since
advantadge
german
products
useless
outdated
exelent
behind
let
entertain
sous
walked
downtown
louvre
telling
cancelation
recommendable
big
connect
average
tram
hte
amasing
egypt
bread
calling
reasons
smsevery
thessaloniki
cleanliness
based
beyond
russians
hermitage
age
160
trip
morning
sã¶dermalm
5
although
instead
balcony
gym
extremely
smelt
blend
hotelmanager
freezing
expense
welcome
problem
another
later
never
option
90th
perfect
vitosha
ã¢ââ¬
at
coach
tasty
paid
street
expectations
timing
nothing
mohamed
visited
can
singke
tea
alanani
elysee
plus
rate
pm
aqua
olive
acoustic
mistake
concierge
tee
stay
â
vehicles
arranged
screen
competences
pompidou
steakhouse
november
pool
allowing
down
verz
originally
advertised
healthy
50
top
menus
sheraton
wellness
front
dance
par
requests
ever
ask
re
zone
ã¢âât
away
amenities
shuttle
eur
streets
cheap
met
active
welcomed
reputation
turkish
items
taught
robe
continental
take
spoilt
playing
terrible
sol
aimee
holidaymy
rubber
rough
meals
c
connected
upstairs
children
safisfied
each
explanation
provided
employees
abit
quiet
early
whenever
departure
visiting
allwe
problems
pre
spend
play
ã£â
annoying
cocktail
minibar
reef
reliable
staffthe
cost
world
cut
diffrent
champs
trier
their
public
fitness
steak
choose
roomstaff
unclog
tastes
ancient
anna
underground
hear
simplistic
around
scrambled
beer
myself
part
smallest
wi
watching
walkways
reasonable
nevskii
town
comfortablelounge
ham
aquagym
oliver
25
maxxiland
bliss
site
return
light
twice
job
finest
mean
bulgaria
invite
tended
recomended
felt
furnished
neightborhood
respective
steps
fi
impossible
drinks
somewhere
madrid
sunny
me
rather
pyramid
funny
payed
theres
profession
singer
lose
patient
couple
tend
load
champ
enjoyed
trash
pirates
stag
expensive
checkin
offers
blonde
intersection
therefore
balu
convenient
animators
mondays
bedding
visit
toast
center
ã¢ââd
day
vineyards
feb
chaos
tiling
range
breakfast
dinner
refurbishment
seven
name
dolphin
putting
argue
weekend
leaking
weekly
taste
ridiculous
min
juice
nightclub
trams
comparing
mexican
club
course
pond
group
actual
gold
show
week
stores
1st
swipe
triump
connections
8
kallithea
pantaneto
needwe
reach
character
arrivals
cause
affordable
aerobicthey
colorful
mins
volvereta
variety
located
24
luxurious
sensational
used
anyway
arc
tub
practically
york
special
worse
roof
international
key
numerous
bus
living
suprised
hostel
largest
new
corridor
great
made
holidys
additional
eurostar
renovated
cafe
acommodation
gardens
personal
lights
amstel
melia
pot
ad
repeat
dirty
starting
hr
hardware
internet
acceptable
excecutive
excelent
like
commonly
importen
sign
lord
now
highway
interest
reseption
updated
providing
book
colors
live
moments
bathroom
failed
legs
surroundings
over
pastry
someone
was
restored
length
members
midnight
definetely
classiest
case
secure
began
except
pluspoint
namely
liquires
free
creaky
copenhagen
leaving
didn
verry
hard
really
2
allowed
before
dine
villa
said
express
9
happened
cleaners
train
wash
chic
worst
prostitutes
thats
oriented
ideally
tonic
heating
gran
three
suprise
pubs
here
borring
beautifully
service
nearly
alternation
hallmark
lines
bring
repair
till
until
hi
fit
lamps
ihad
1mile
oberoi
status
proximity
casa
deira
mail
neighborhoods
fully
hand
plays
architecture
variuos
london
desk
dusting
loved
call
neighbourhood
sray
ala
everytime
roadside
us
disappointed
lifestyle
ã¢ââ
everything
spiderweb
needed
espaccely
exchanging
varied
entrance
seen
dining
professionell
amel
ready
adults
became
kã¶ln
rooms
pleasantly
two
couldn
process
amp;
say
requested
equipped
could
clerk
upper
especially
conditioning
18
carlton
broken
coming
cottage
walk
vivaldi
worries
salute
touristic
anywhere
areas
2013
faults
extended
attitudes
resort
only
travelled
comments
kinds
number
weekends
same
professional
antic
handle
espresso
failure
property
choises
dorm
florence
shower
smell
round
its
belongings
isolation
fresh
whilst
drunk
view
alright
comprehensive
ve
breakfasts
nl
does
meal
haven
contemporary
her
ât
replenished
cheese
face
having
on
private
akward
thank
pity
itc
usual
smiling
getting
meny
nice
feeling
seaside
mixed
ervery
everybody
dissapointed
definitely
almost
fabulous
possibly
small
has
cant
facility
availability
am
present
aforesaid
serve
room
map
jacuzzi
dive
start
thought
booking
waiter
fact
dvd
mobile
wife
step
observations
girl
indication
star
condition
others
current
minimal
designed
compared
dirtyentertainment
points
picturesque
tell
tasteswe
hundred
dish
casino
works
shopping
junior
interesting
touch
too
ingeniously
afterwards
print
versa
surprisingly
maximum
attended
hot
hamburger
marvellous
line
âll
trouble
mega
modern
second
wish
workers
pleases
major
passing
interestingin
kassandria
heaven
snorkeling
behold
apartments
enmenons
wheel
blue
helpfull
soup
fulfilling
specially
wil
yes
bacteria
holidays
bass
activities
hamam
bistro
four
quick
proffesional
reservations
marinachania
mini
dogs
local
paths
low
keys
heater
amp
evan
looked
elysees
visible
insulation
allows
hosts
martha
helpful
turkey
typical
coktailsstaff
paper
brings
spreads
ration
off
taxis
cheaper
dame
tp
getaway
marvelous
television
fatal
regular
association
environment
yet
hade
extra
agia
recognize
player
territory
window
horrible
recommendations
relaxing
due
guy
fantastic
however
spacious
supported
brits
duomo
stupid
ages
must
ok
black
pizza
economically
70s
doesen
car
point
charming
didnt
betting
somewhat
breaks
entire
goavoid
disclose
incredible
forward
efficient
decent
fitted
his
given
haque
note
minutes
fine
276
visits
assoiated
considering
overpriced
axaha
everyone
less
floaties
cared
m
land
staircase
simple
do
destinations
bathrobes
function
varieous
ensures
brussels
eran
improved
travelers
30th
cuisine
forthcoming
considered
families
positive
boulevar
able
pleaseure
vacationpickalbatros
thanks
likely
extreme
exercise
yard
reality
seasight
tournaments
awfull
best
drink
want
disadvantage
disclosed
last
marley
wonderfull
decided
respects
wasnt
shows
hostess
asked
suggest
months
out
12
exposed
rungis
attractive
covered
adequate
cold
straight
short
mood
persons
happiness
louise
excursions
stone
reached
greek
cracked
backing
within
hopping
usd
talking
steigenberger
apply
kitchen
â
redecorated
reply
explore
value
tower
people
respected
bother
basic
exceeded
imposible
she
mum
meat
monmarte
yoghurt
rates
closes
castelo
escalator
gorgeous
vodka
pipes
through
30
important
