now
healthy
kept
oasis
nights
bridge
repeatative
position
coffee
saw
been
byron
pictures
trafford
marvelous
royal
linked
les
should
accommodating
dark
domicile
does
rated
lobby
shows
ll
present
houses
anybody
decent
tube
weekends
sercices
positive
ridiculous
pull
expected
ansd
hotelthe
facilties
encountered
special
nes
basic
traffic
spent
transportation
miles
beaituful
aerobicthey
field
photos
am
beginning
kindly
boat
small
siena
lovely
part
conditioning
tanning
advertised
lanxess
gym
world
swans
finish
mood
studio
amsterdam
double
reccomend
â
thank
400
use
inner
students
needs
rest
dana
reason
quite
over
entertaintments
travellers
choose
age
access
therefore
18th
spotlessly
major
croissants
staff
â·
nevskii
no
surroundings
arrived
faded
don
repeat
guest
hand
cheap
childrens
reply
paris
big
chef
shabby
heated
stay
acoustic
literally
code
location
dream
rubber
importen
order
wife
forward
current
hard
dj
poor
really
discounts
3am
elevators
recomended
huge
enmenons
paper
size
ask
maximizes
tiling
fingerprints
damaged
alphons
chldren
extrasthe
adequate
realy
pm
finding
heating
experienced
kitchen
partner
me
hole
camp
greets
excelent
mgmt
behind
flower
expense
best
death
udaivilas
pants
amazing
helpfulathe
favorite
paths
perfect
leaking
have
sunbeds
dec
aren
connected
madrid
zone
machine
nl
pillows
sure
cleaning
calm
sports
centrally
relaxatio
refurnished
made
else
insulation
cigarette
2012
breathtaking
italien
areas
tasty
twice
making
unacceptable
television
super
con
dead
seen
anymore
service
seems
back
got
singles
knowledgeable
doesen
dutch
as
worth
travelled
requested
not
grandaughter
hotels
old
rer
rear
km
meny
attentive
live
angry
bedroom
axaha
priced
sauna
distances
except
other
stupid
insects
need
m
numerous
funiture
fantastic
35
family
fi
shops
deventer
spirits
jean
professionell
dolphin
offered
walked
surprise
passed
continue
choice
nearly
claiming
guests
park
wilderness
long
maintained
key
powerful
elina
allocated
under
looking
rail
blocks
situated
pleasant
neightborhood
centre
cracked
restourant
territory
needed
personal
train
inclusive
frills
convention
didn
luxury
dvd
surprised
160
based
smallest
aldo
therethank
elegance
try
liquires
couldn
nearby
taken
slow
bigger
worn
willing
defiantly
cloth
grey
public
opera
friendliness
began
broken
ride
things
tornese
police
almost
self
linen
der
professional
set
dust
once
player
bring
beware
ât
scale
trained
liked
catered
reality
both
lock
especially
february
legs
pathã©
ideally
uncomfortable
complaints
tower
scrambled
bad
fish
50
instead
happened
bathrooms
greek
welcomes
website
cleaned
across
claustrophobic
cocktails
tried
amstel
champ
definitively
sray
15
euros
gift
impressed
closer
recommendable
informed
time
electrical
easy
singer
phone
lamps
humid
owners
intersection
disappointed
th
even
chance
respective
together
mostly
missed
stuff
furnished
through
insisted
also
espresso
duck
wait
rank
cottage
fountain
south
hamburger
revisiting
myself
scam
subway
preciseness
transfer
campsite
weekend
cannot
personally
transport
canine
beaches
washbasin
makes
deter
girls
less
hotel
meet
simple
near
empty
between
building
disadvantages
prompt
mall
beer
builnding
video
prepared
og
nevertheless
conditions
requests
disclose
starting
ready
italian
light
remark
visible
track
cycling
varieous
cant
topaz
neatly
pizza
anna
outside
directions
till
yourself
good
storage
lounge
allows
smoking
finishes
grand
stations
businesstrips
gran
exceptional
deal
bedding
prado
seine
liable
served
extra
totally
smooth
bugs
tele
show
niuewstraat
alternation
providing
life
towels
assoiated
disclosed
redeeming
everywhere
bath
trying
ultra
comforts
massive
missing
relax
tended
confortable
extreme
amel
pleasure
aerea
cafe
expectations
everyday
nadia
miss
cooks
attractions
a
fitnes
languages
delicious
thoroughfare
degrees
bit
cruise
low
stuck
exposed
nicest
international
sea
express
booking
mistakes
mobile
delighed
improvement
pleases
climbing
sastisfied
loved
d
faulty
ever
pretty
stops
leaving
giant
impressions
disadvantage
complaint
right
always
altstadt
steakhouse
able
confusing
outlet
certainly
mohamed
suprised
staircase
foor
several
holiday
became
versa
computers
276
think
floors
satisfied
appreciate
course
attended
flies
boy
dreamy
grounds
peaceful
robbed
allowing
ð¢his
smiles
proffesional
information
24
they
takes
carte
program
only
aquagym
amination
detail
candy
of
generous
colleagues
travelodges
elevator
slippers
hear
to
recomend
enjoyable
renovarted
advise
recommendation
helped
careful
morning
though
dogs
infrastructure
unhappy
summer
enough
responsibility
chose
oterwise
step
an
2013
ideal
came
shoping
example
triump
avoid
advantage
hussein
groups
return
felt
find
german
afew
âm
ther
fast
base
san
possibility
minded
prefer
interesting
christmas
cheese
older
dubai
amasing
check
consider
ship
purpose
1300
dish
happiness
received
mins
wonderfull
floods
stores
comprehensive
working
exercise
pools
inclysive
map
cozy
sunrise
pintxos
thessaloniki
thanks
enthusiastic
immidiately
drain
balcony
charged
different
general
reach
wonderfully
busy
affordable
30
12
smelt
fridge
internet
clean
tide
everything
competent
âd
times
cleanest
having
palazzo
wear
ones
necessary
peoplethe
places
thomsons
massage
midnight
someone
end
some
serious
sri
paid
generally
offers
few
reservation
hour
guys
premises
thought
ã¡gent
mamlouk
station
higher
exchanging
koln
dirtyour
boutiques
architecture
thrown
75
problem
surf
trees
volvereta
ms
quick
meal
his
tha
butt
repair
transition
300
getting
summary
typical
found
day
organised
online
â±
martha
marseillan
is
sheets
expect
named
after
tiny
better
hopping
1
unique
quickly
due
type
products
steam
3
ã
oliver
trier
range
helpfull
afraid
maximum
b
years
corner
splendid
function
however
rock
unfriendly
replinished
lanka
pricey
sunbed
conclusion
whose
jacuzzi
nicely
courses
shous
wall
continental
two
surprisingly
office
wasnt
assist
hours
might
feast
brought
thing
tub
marvellous
free
management
credit
talking
pyramid
25
absolute
walkways
getaway
beautifully
stares
olive
france
7th
until
fist
place
joy
moved
trailer
denmark
those
sã¶dermalm
tp
letdown
thoroughly
reseption
lyon
admire
quiet
great
if
november
1mile
american
probably
3rds
plage
toiletries
manner
eurostars
easily
wireless
darling
apart
city
twin
setting
gone
supported
weren
blend
nothing
without
will
located
lagune
â
gare
word
accustomed
seemed
creaky
possible
vodka
gardens
stains
moments
interestingin
book
fault
verz
residential
dine
every
rain
travelers
arc
t
take
par
luxurious
then
lousy
wish
aqua
staying
spiderweb
disgusting
created
trimphe
egg
turkey
jumeriah
pitch
may
holidaymy
lift
en
center
walls
many
pub
here
destinations
crowded
cleaness
biggest
friend
night
left
lunch
did
chill
canal
torn
alive
village
miserable
windows
alone
dorint
keys
especialy
reached
wine
district
has
10
touristic
site
rate
sofa
villa
about
linens
meetings
pleasantly
reserved
business
surprising
burger
there
normal
children
employees
cereal
replenished
in
lack
nightclubs
worries
terrific
borring
but
swiming
pitches
maid
bloody
needwe
radio
13
mum
cook
provided
pre
entertainment
ration
eyesi
bussiness
minutes
twist
specially
than
give
delicacies
hof
suggest
germans
rude
trash
addition
invaded
laughed
diner
attending
hell
â´
climbs
makers
hip
matter
deskstop
snorkeling
steigenburger
ijust
decorative
number
5days
had
allwe
maybe
deserts
us
urine
âs
poland
covered
true
trip
thursday
let
trousers
welcomed
garden
allow
space
at
choices
stopped
la
halles
hearts
700
returning
late
enjoy
meals
hurghada
active
review
taste
absolutely
visiting
aerobic
fact
known
clerk
compared
rungis
tasteswe
dancers
tidy
water
top
bus
unforgettable
square
entertain
non
going
men
actual
london
hamam
colors
construction
warm
steep
including
resorts
restrooms
corridor
tuscan
future
restaraunts
people
eurostar
thats
speaks
hi
attractive
inedible
months
requires
pluss
animaters
welsh
spreads
louvre
extended
living
regular
cleanliness
price
team
famous
flamenco
note
columbus
schiphol
1st
charm
departure
eg
unbelievable
titanic
request
magical
breakfast
tennisfriends
superfriendly
main
2011
8th
convenience
etc
six
sheraton
betting
rather
sit
wery
slendid
from
sleep
finished
hosts
private
inspection
painting
load
chosen
date
romantic
floor
cuisine
terrace
extremely
attention
foreign
champs
heard
week
asked
wide
largest
assorted
considering
kinds
chipped
spaces
minus
smelled
was
something
flight
room
recommended
opportunitys
change
century
rambla
waiters
speaking
buses
money
local
mini
pot
breakfasts
girl
out
compact
reasonable
name
animations
ness
reception
begrudge
plenty
offering
character
impression
florence
eat
very
telling
carparking
blue
planning
placed
gaps
keep
game
throughout
explain
russians
deprived
streets
visit
shoes
lots
likely
colorful
food
elegant
suit
were
highly
foods
olso
stained
variuos
gave
screen
flag
driving
unclog
soon
bubba
minibar
checked
ignorant
it
plays
okay
wifi
arrivals
vieuz
land
bar
animation
person
upgrade
sunny
bonus
relatively
bed
passport
coming
disaster
milk
eur
immediately
air
restricted
gets
within
economically
menu
cool
restaurants
forced
helpful
again
pension
min
prepare
sell
piece
chair
ia
up
why
immaculately
eran
off
york
marriott
dishes
bliss
boring
invited
westminster
respects
dusting
hostel
solved
english
40
appart
mountain
because
notre
nite
cake
yoghurt
flughaven
awesome
given
handicapped
you
heater
unmatched
realised
s
octoberfest
noticed
hospitality
shopping
redecorated
du
creative
ample
anywhere
took
like
adjacent
shop
say
connect
checkin
rates
manager
most
suprise
establishments
abundant
go
diversity
reliable
gladly
charming
issue
shame
for
average
idea
visits
disappointing
hoped
steak
bacteria
luxurous
touchwith
tv
mountains
first
impossible
safe
wg
run
ingeniously
monmarte
mention
rat
desert
cover
hope
fit
april
wi
countryside
argue
renovation
modern
high
10m2
everybody
7
institute
amount
spend
improved
winter
excusive
usually
picky
railway
standards
basin
breathtaken
call
invite
facility
mould
frienly
basically
window
bathtub
fairly
exelent
duty
horrible
heavily
somewhere
her
baku
stayed
favourite
toast
cabinets
finest
ad
know
one
vacation
junior
elysees
short
decided
booked
putting
patient
variety
attitudes
vips
another
teenagers
attitude
loveliest
mail
entire
buiseness
charge
speak
means
procedures
hostess
courteous
lot
month
bright
we
sensational
collapses
tables
second
looks
line
customers
timely
peopel
opinion
haque
common
stag
diidn
portions
everyone
bookingcom
desired
unexpected
all
more
grill
advantadge
look
environment
nightclub
their
damage
climb
antic
feeling
considered
rent
could
ancient
orly
strongly
supburb
escalator
receptionists
described
usual
roll
extremly
flat
cuddle
love
which
14
via
smart
frankfurtter
metro
unconfortable
connections
full
parking
young
customer
rimini
sun
bread
namely
last
restaurant
competences
who
difficult
accomodation
seeing
care
orders
odd
casino
support
nor
eight
reviews
highway
yet
pass
nn
anyway
bathroom
milano
luggage
lights
cuase
services
sewage
exceptionally
buffet
flamingo
dat
spacy
hr
flights
couples
four
exceeded
bathrobes
airport
market
hospitable
roadside
families
crazily
backing
wheel
used
riverside
how
while
tea
actually
delightful
smokers
interested
went
wellness
large
theres
espaccely
shelf
incredible
iron
wanted
ensures
nice
friendy
spaciousthe
dinner
card
educated
isolation
items
traveling
stationthe
bars
sufficient
possibilties
hade
minuscule
knew
level
e
cologne
buy
curtains
treatment
taught
possibly
tho
by
prefect
conveniently
2010
package
disabled
garage
i
goggle
leeds
way
miami
exact
couple
varieties
channel
pity
department
warmly
taxi
cold
ago
managed
explore
downtown
coktailsstaff
robe
utrecht
atmosphere
cope
tasteful
interior
points
calimera
balu
reef
cooking
done
see
knowledge
drink
pipes
neighborhoods
vehicles
decorated
visitor
street
stylish
wil
vip
;
6
ok
vice
weeks
activities
shower
renewed
cleaners
expensive
smiling
scandic
inn
holidays
cancelled
work
gobelins
holidys
organized
views
safety
supermarket
dorm
bulgaria
functional
likewise
alley
stays
weather
presented
spa
vineyards
believe
happily
landscaped
tag
funny
passing
doing
8
where
receptionist
personnel
hot
selection
husband
visitors
info
arrival
mainly
pizzeria
side
tallinn
cause
conference
make
seats
feels
meat
incredibly
barcelona
heart
stephanie
condition
evening
mixed
pay
come
weekday
ervery
stone
egypt
kã¶ln
accommodation
neighbourhood
akward
rocko
90
star
upper
wouln
mr
since
pompidou
liverpool
downstairs
event
spot
handled
fee
constantly
various
lake
swipe
wc
rose
score
concerning
europe
kuku
stress
she
nov
pond
genuine
system
leisure
on
own
that
class
worst
toilet
nationality
quit
conected
brits
welcomewould
parts
much
dame
regard
brocken
touring
issues
books
cultures
mistake
shadows
chears
forum
moneyi
facilities
mess
dance
aforesaid
rum
included
unlike
luxuries
floaties
frankfurt
disco
superb
separated
checking
and
vivaldi
definitely
july
hall
vast
silent
below
climation
them
cost
luxuryfood
destroyed
add
kids
helping
advance
de
bike
profession
choises
blonde
louise
started
yard
queue
renovated
vas
cinema
travelodge
unpleasantness
smile
using
yes
throw
just
layout
asian
inexpensive
perfectly
aside
beautiful
weekenders
rotten
when
waits
paied
tuscany
4
available
touristy
close
arena
alanani
so
refrigerator
connection
120
job
anything
nespresso
skype
amenities
restaurat
channels
chairs
spakenburg
speed
bland
boulevar
thick
completed
start
clubs
purposed
immediate
paying
belongings
already
bathing
swimmingpools
changes
charme
oberoi
certain
azerbaijan
travel
bands
tournaments
dedicaced
black
tend
ritz
minute
steigenberger
tourists
costlier
never
golf
held
get
comfy
enjoyed
indeed
overpriced
with
soap
smaller
year
holland
value
y
servings
verry
chic
carlton
structure
stars
five
stop
warmbarman
serve
roof
organization
european
paradise
housekeeping
goes
complain
stolen
comfortable
minimal
confirmation
sky
arranged
mean
during
recommend
unfortunately
awful
breaker
features
simplistic
hotelmanager
enterainment
least
smell
loud
trips
friends
narrow
my
luxor
apartment
new
russian
brandy
feb
ate
each
well
attendance
playground
must
polish
downside
2nd
dirt
earth
coach
provide
underneath
would
pool
rebuilding
are
discovery
following
shape
pluspoint
whole
fun
same
homeless
sneaky
plan
music
hence
amp
comfort
spoilt
seven
tell
costs
similar
daytime
observations
your
lighting
river
workers
design
inside
built
shuttle
excecutive
boys
little
hang
cigarrum
quicker
refund
taking
whenever
won
definetely
playing
break
agia
standard
persistent
husaband
can
animators
before
closes
round
such
dress
deira
greatincredible
avoided
chaos
important
proximity
lord
bikes
complex
perfume
waiter
directly
stunning
kettle
far
recommendations
welcoming
travelling
holes
spending
words
case
buildings
somewhat
problems
diffrent
oversee
underconstruction
flavouring
suite
kassandria
foot
â¬
middle
fine
â
build
negga
surrounding
seashore
itself
reservations
into
three
rules
country
resort
ground
comfortablelounge
amp;
petros
happy
swimmingpool
relaxing
periferique
builders
highlights
help
restful
swimming
elderly
or
sound
town
options
beach
visited
car
2014
hilton
checkouts
underground
provides
signal
haven
c
overal
point
walking
highways
jaccuzzi
anyone
woerden
drinks
spoiled
fabulous
remind
adjusted
elysee
cared
destination
experience
intrusive
firenze
smoked
worse
dislike
home
the
dansing
convenient
real
still
hundred
contemporary
offer
trams
relations
royalty
among
yaer
table
castelo
gorgeous
furniture
honor
tee
heaven
reasons
friendly
acceptable
ve
daily
around
restored
smelly
earned
pirates
surely
style
euro
distance
situation
budget
smsevery
technology
fresh
tasted
cusines
mexican
dining
polite
area
next
carpet
30th
equipment
open
option
negative
foyer
above
5
troubles
picturesque
door
staffs
ibis
70s
comparing
laying
dam
pubs
rooms
unclear
interest
decoration
unless
partying
said
print
outdated
swim
jammed
remember
cottages
ours
beds
mother
fashioned
be
vacationpickalbatros
met
days
miro
feature
completely
normally
quality
persons
cross
state
pleaseure
freezing
march
di
overall
glad
moquette
afterwards
n
siro
port
montjuic
save
straight
originally
pantaneto
registration
early
dated
streetside
modest
executive
excursions
oriental
honeymooners
brussels
lifestyle
view
what
its
lost
20
9
forthcoming
vitosha
too
designed
surge
spacious
hte
relaxed
leave
worked
our
juices
please
handle
per
wasn
period
bother
delivery
talk
wooden
sorted
idem
snorkelling
audience
noticeable
timing
members
plus
kind
accompanied
concept
trouble
recently
although
welcome
he
nord
adult
brilliant
fat
son
efficiently
practically
steps
length
higly
etiquette
efficient
read
tram
despite
adults
feel
emily
bilbao
possitive
dirty
road
mice
complained
residents
secure
meters
montmartre
noisy
varied
safisfied
tourist
running
cars
commonly
entrance
frequent
hermitage
excellent
enter
correspond
behold
weekly
usd
seaside
central
otherwise
simply
games
crazy
club
sasha
any
kallithea
ihad
house
bass
apartments
kindness
thinks
re
gold
mangers
strip
perfekt
treated
messe
equipped
calling
disappointment
outstanding
noice
marinachania
tastes
association
gilde
2
saff
desk
terrible
sharm
breaks
palace
down
sablon
fantastically
this
alright
fully
noise
whisky
tip
looked
mega
copenhagen
scenic
backpackers
match
recent
george
these
front
spoken
classiest
fitness
manicured
casa
wonderful
thus
plaesantly
maker
walk
want
do
being
melia
away
jam
egypts
locate
french
